<?xml version="1.0" encoding="UTF-8"?>
<testng-results skipped="0" failed="0" total="1" passed="1">
  <reporter-output>
  </reporter-output>
  <suite name="Default suite" duration-ms="1139" started-at="2013-04-19T21:40:24Z" finished-at="2013-04-19T21:40:25Z">
    <groups>
    </groups>
    <test name="Default test" duration-ms="1139" started-at="2013-04-19T21:40:24Z" finished-at="2013-04-19T21:40:25Z">
      <class name="test.github.richardwilly98.services.DocumentProviderTest">
        <test-method status="PASS" signature="beforeSuite()[pri:0, instance:test.github.richardwilly98.services.DocumentProviderTest@651dba45]" name="beforeSuite" is-config="true" duration-ms="5" started-at="2013-04-19T17:40:24Z" finished-at="2013-04-19T17:40:24Z">
          <reporter-output>
          </reporter-output>
        </test-method> <!-- beforeSuite -->
        <test-method status="PASS" signature="setupServer()[pri:0, instance:test.github.richardwilly98.services.DocumentProviderTest@651dba45]" name="setupServer" is-config="true" duration-ms="0" started-at="2013-04-19T17:40:24Z" finished-at="2013-04-19T17:40:24Z">
          <reporter-output>
          </reporter-output>
        </test-method> <!-- setupServer -->
        <test-method status="PASS" signature="testCreateDocument()[pri:0, instance:test.github.richardwilly98.services.DocumentProviderTest@651dba45]" name="testCreateDocument" duration-ms="1131" started-at="2013-04-19T17:40:24Z" finished-at="2013-04-19T17:40:25Z">
          <reporter-output>
          </reporter-output>
        </test-method> <!-- testCreateDocument -->
        <test-method status="PASS" signature="closeServer()[pri:0, instance:test.github.richardwilly98.services.DocumentProviderTest@651dba45]" name="closeServer" is-config="true" duration-ms="0" started-at="2013-04-19T17:40:25Z" finished-at="2013-04-19T17:40:25Z">
          <reporter-output>
          </reporter-output>
        </test-method> <!-- closeServer -->
      </class> <!-- test.github.richardwilly98.services.DocumentProviderTest -->
    </test> <!-- Default test -->
  </suite> <!-- Default suite -->
</testng-results>
